 Checked query executed 'SELECT id, nombre from test  where id = 1 and where nombre = test ' 23:19:55 21-04-2022
 Checked query executed 'SELECT id, nombre from test  where id = 1 and where nombre = test ' 23:19:55 21-04-2022
 Unchecked query executed 'select * from test' 23:20:02 21-04-2022
 Unchecked query executed 'select * from test' 23:20:03 21-04-2022
 Checked query executed 'SELECT id, nombre from test  where id = 1 and where nombre = test ' 17:21:54 22-04-2022
 Checked query executed 'SELECT id, nombre from test  where id = 1 and where nombre = test ' 17:26:30 22-04-2022
 Checked query executed 'SELECT id, nombre from test  where id >= 1 and where nombre = test ' 17:26:38 22-04-2022
 Checked query executed 'SELECT id, nombre from test  where id != 1 and where nombre = test ' 17:26:48 22-04-2022
 Checked query executed 'SELECT id, nombre from test  where id <> 1 and where nombre = test ' 17:26:56 22-04-2022
 Checked query executed 'SELECT id, nombre from test  where id <> 1 and where nombre <> test ' 17:27:12 22-04-2022
 Checked query executed 'SELECT id, nombre from test  where id <> 1 and where nombre = test ' 17:27:32 22-04-2022
 Checked query executed 'SELECT id, nombre from test  where id <> 1 and where nombre = test ' 17:27:45 22-04-2022
 Checked query executed 'SELECT id, nombre from test  where id <> 1 and where nombre = test ' 17:28:13 22-04-2022
 Checked query executed 'SELECT id, nombre from test  where id <> 1 and where nombre = test ' 17:28:25 22-04-2022
 Checked query executed 'SELECT id, nombre from test  where id <> 1 and where nombre = test ' 17:29:02 22-04-2022
 Checked query executed 'SELECT id, nombre from test  where id <> 1 and where nombre = test ' 17:29:07 22-04-2022
 Checked query executed 'SELECT id, nombre from test  where id <> 1 and where nombre = test ' 17:29:19 22-04-2022
 Checked query executed 'SELECT id, nombre from test  where id <> 1 and where nombre = test ' 17:29:59 22-04-2022
 Checked query executed 'SELECT id, nombre from test  where id <> 1 and where nombre = test ' 17:30:16 22-04-2022
 Checked query executed 'SELECT id, nombre from test  where id <> 1 and where nombre = test ' 17:30:27 22-04-2022
 Checked query executed 'SELECT id, nombre from test  where id <> 1 and where nombre = test ' 17:30:28 22-04-2022
 Checked query executed 'SELECT id, nombre from test  where id <> 1 and where nombre = test ' 17:30:28 22-04-2022
 Checked query executed 'SELECT id, nombre from test  where id <> 1 and where nombre = test ' 17:30:30 22-04-2022
 Checked query executed 'SELECT id, nombre from test  where id <> 1 and where nombre = test ' 17:31:16 22-04-2022
 Checked query executed 'SELECT id, nombre from test  where id <> 1 and where nombre = test ' 17:32:09 22-04-2022
 Checked query executed 'SELECT id, nombre from test  where id > 1 and where nombre = test ' 17:32:17 22-04-2022
 Checked query executed 'SELECT id, nombre from test  where id >= 1 and where nombre = test ' 17:32:21 22-04-2022
 Checked query executed 'SELECT id, nombre from test  where id != 1 and where nombre = test ' 17:32:31 22-04-2022
 Checked query executed 'SELECT id, nombre from test  where id = 1 and where nombre = test ' 17:32:53 22-04-2022
 Checked query executed 'SELECT id, nombre from test  where id = 1 and where nombre = test ' 17:32:58 22-04-2022
 Checked query executed 'SELECT id, nombre from test  where id = 1 and where nombre = test ' 17:35:45 22-04-2022
